

Version:	3.12
CmdLine:	D:\PC\Software\Java\Batik88\Juo_Source88\TheClock.exe --l4j-debug
WOW64:		yes
Working dir:	D:\PC\Software\Java\Batik88\Juo_Source88\.
Java min ver:	1.007.000
Java max ver:	1.008.000
64-bit search:	SOFTWARE\JavaSoft\Java Runtime Environment...
Check:		SOFTWARE\JavaSoft\Java Runtime Environment\1.8
Check launcher:	C:\Program Files\Java\jre1.8.0_144\bin\javaw.exe (OK)
Match:		1.008.000
Check:		SOFTWARE\JavaSoft\Java Runtime Environment\1.8.0_144
Ignore:		1.008.000_144
64-bit search:	SOFTWARE\JavaSoft\Java Development Kit...
Check:		SOFTWARE\JavaSoft\Java Development Kit\1.7
Ignore:		1.007.000
Check:		SOFTWARE\JavaSoft\Java Development Kit\1.7.0_10
Ignore:		1.007.000_010
Check:		SOFTWARE\JavaSoft\Java Development Kit\1.7.0_79
Ignore:		1.007.000_079
64-bit search:	SOFTWARE\JavaSoft\JRE...
64-bit search:	SOFTWARE\JavaSoft\JDK...
Runtime used:	1.008.000 (64-bit)
Substitute:	EXEDIR = D:\PC\Software\Java\Batik88\Juo_Source88
Main class:	batik.apps.juo.SVGInteractor
Add classpath:	.
Launcher:	C:\Program Files\Java\jre1.8.0_144\bin\javaw.exe
Launcher args:	-Dlaunch4j.exedir="D:\PC\Software\Java\Batik88\Juo_Source88" -classpath "D:\PC\Software\Java\Batik88\Juo_Source88\TheClock.exe;." batik.apps.juo.SVGInteractor
Args length:	158/32768 chars
Exit code:	0


Version:	3.12
CmdLine:	D:\PC\Software\Java\Batik88\Juo_Source88\TheClock.exe --l4j-debug
WOW64:		yes
Working dir:	D:\PC\Software\Java\Batik88\Juo_Source88\.
Java min ver:	1.007.000
Java max ver:	1.008.000
64-bit search:	SOFTWARE\JavaSoft\Java Runtime Environment...
Check:		SOFTWARE\JavaSoft\Java Runtime Environment\1.8
Check launcher:	C:\Program Files\Java\jre1.8.0_144\bin\javaw.exe (OK)
Match:		1.008.000
Check:		SOFTWARE\JavaSoft\Java Runtime Environment\1.8.0_144
Ignore:		1.008.000_144
64-bit search:	SOFTWARE\JavaSoft\Java Development Kit...
Check:		SOFTWARE\JavaSoft\Java Development Kit\1.7
Ignore:		1.007.000
Check:		SOFTWARE\JavaSoft\Java Development Kit\1.7.0_10
Ignore:		1.007.000_010
Check:		SOFTWARE\JavaSoft\Java Development Kit\1.7.0_79
Ignore:		1.007.000_079
64-bit search:	SOFTWARE\JavaSoft\JRE...
64-bit search:	SOFTWARE\JavaSoft\JDK...
Runtime used:	1.008.000 (64-bit)
Substitute:	EXEDIR = D:\PC\Software\Java\Batik88\Juo_Source88
Main class:	batik.apps.juo.SVGInteractor
Add classpath:	.
Launcher:	C:\Program Files\Java\jre1.8.0_144\bin\javaw.exe
Launcher args:	-Dlaunch4j.exedir="D:\PC\Software\Java\Batik88\Juo_Source88" -classpath "D:\PC\Software\Java\Batik88\Juo_Source88\TheClock.exe;." batik.apps.juo.SVGInteractor
Args length:	158/32768 chars
Exit code:	0


Version:	3.12
CmdLine:	D:\PC\Software\Java\Batik88\Juo_Source88\TheClock.exe --l4j-debug
WOW64:		yes
Working dir:	D:\PC\Software\Java\Batik88\Juo_Source88\.
Java min ver:	1.007.000
Java max ver:	1.008.000
64-bit search:	SOFTWARE\JavaSoft\Java Runtime Environment...
Check:		SOFTWARE\JavaSoft\Java Runtime Environment\1.8
Check launcher:	C:\Program Files\Java\jre1.8.0_144\bin\javaw.exe (OK)
Match:		1.008.000
Check:		SOFTWARE\JavaSoft\Java Runtime Environment\1.8.0_144
Ignore:		1.008.000_144
64-bit search:	SOFTWARE\JavaSoft\Java Development Kit...
Check:		SOFTWARE\JavaSoft\Java Development Kit\1.7
Ignore:		1.007.000
Check:		SOFTWARE\JavaSoft\Java Development Kit\1.7.0_10
Ignore:		1.007.000_010
Check:		SOFTWARE\JavaSoft\Java Development Kit\1.7.0_79
Ignore:		1.007.000_079
64-bit search:	SOFTWARE\JavaSoft\JRE...
64-bit search:	SOFTWARE\JavaSoft\JDK...
Runtime used:	1.008.000 (64-bit)
Substitute:	EXEDIR = D:\PC\Software\Java\Batik88\Juo_Source88
Main class:	batik.apps.juo.SVGInteractor
Add classpath:	.
Launcher:	C:\Program Files\Java\jre1.8.0_144\bin\javaw.exe
Launcher args:	-Dlaunch4j.exedir="D:\PC\Software\Java\Batik88\Juo_Source88" -classpath "D:\PC\Software\Java\Batik88\Juo_Source88\TheClock.exe;." batik.apps.juo.SVGInteractor
Args length:	158/32768 chars
Exit code:	0


Version:	3.12
CmdLine:	D:\PC\Software\Java\Batik88\Juo_Source88\TheClock.exe --l4j-debug
WOW64:		yes
Working dir:	D:\PC\Software\Java\Batik88\Juo_Source88\.
Java min ver:	1.007.000
Java max ver:	1.008.000
64-bit search:	SOFTWARE\JavaSoft\Java Runtime Environment...
Check:		SOFTWARE\JavaSoft\Java Runtime Environment\1.8
Check launcher:	C:\Program Files\Java\jre1.8.0_144\bin\javaw.exe (OK)
Match:		1.008.000
Check:		SOFTWARE\JavaSoft\Java Runtime Environment\1.8.0_144
Ignore:		1.008.000_144
64-bit search:	SOFTWARE\JavaSoft\Java Development Kit...
Check:		SOFTWARE\JavaSoft\Java Development Kit\1.7
Ignore:		1.007.000
Check:		SOFTWARE\JavaSoft\Java Development Kit\1.7.0_10
Ignore:		1.007.000_010
Check:		SOFTWARE\JavaSoft\Java Development Kit\1.7.0_79
Ignore:		1.007.000_079
64-bit search:	SOFTWARE\JavaSoft\JRE...
64-bit search:	SOFTWARE\JavaSoft\JDK...
Runtime used:	1.008.000 (64-bit)
Substitute:	EXEDIR = D:\PC\Software\Java\Batik88\Juo_Source88
Main class:	batik.apps.juo.SVGInteractor
Add classpath:	.
Launcher:	C:\Program Files\Java\jre1.8.0_144\bin\javaw.exe
Launcher args:	-Dlaunch4j.exedir="D:\PC\Software\Java\Batik88\Juo_Source88" -classpath "D:\PC\Software\Java\Batik88\Juo_Source88\TheClock.exe;." batik.apps.juo.SVGInteractor
Args length:	158/32768 chars
Exit code:	0


Version:	3.12
CmdLine:	D:\PC\Software\Java\Batik88\Juo_Source88\TheClock.exe --l4j-debug
WOW64:		yes
Working dir:	D:\PC\Software\Java\Batik88\Juo_Source88\.
Java min ver:	1.007.000
Java max ver:	1.008.000
64-bit search:	SOFTWARE\JavaSoft\Java Runtime Environment...
Check:		SOFTWARE\JavaSoft\Java Runtime Environment\1.8
Check launcher:	C:\Program Files\Java\jre1.8.0_144\bin\javaw.exe (OK)
Match:		1.008.000
Check:		SOFTWARE\JavaSoft\Java Runtime Environment\1.8.0_144
Ignore:		1.008.000_144
64-bit search:	SOFTWARE\JavaSoft\Java Development Kit...
Check:		SOFTWARE\JavaSoft\Java Development Kit\1.7
Ignore:		1.007.000
Check:		SOFTWARE\JavaSoft\Java Development Kit\1.7.0_10
Ignore:		1.007.000_010
Check:		SOFTWARE\JavaSoft\Java Development Kit\1.7.0_79
Ignore:		1.007.000_079
64-bit search:	SOFTWARE\JavaSoft\JRE...
64-bit search:	SOFTWARE\JavaSoft\JDK...
Runtime used:	1.008.000 (64-bit)
Substitute:	EXEDIR = D:\PC\Software\Java\Batik88\Juo_Source88
Main class:	batik.apps.juo.SVGInteractor
Add classpath:	.
Launcher:	C:\Program Files\Java\jre1.8.0_144\bin\javaw.exe
Launcher args:	-Dlaunch4j.exedir="D:\PC\Software\Java\Batik88\Juo_Source88" -classpath "D:\PC\Software\Java\Batik88\Juo_Source88\TheClock.exe;." batik.apps.juo.SVGInteractor
Args length:	158/32768 chars
Exit code:	0


Version:	3.12
CmdLine:	D:\PC\Software\Java\Batik88\Juo_Source88\TheClock.exe --l4j-debug
WOW64:		yes
Working dir:	D:\PC\Software\Java\Batik88\Juo_Source88\.
Java min ver:	1.007.000
Java max ver:	1.008.000
64-bit search:	SOFTWARE\JavaSoft\Java Runtime Environment...
Check:		SOFTWARE\JavaSoft\Java Runtime Environment\1.8
Check launcher:	C:\Program Files\Java\jre1.8.0_144\bin\javaw.exe (OK)
Match:		1.008.000
Check:		SOFTWARE\JavaSoft\Java Runtime Environment\1.8.0_144
Ignore:		1.008.000_144
64-bit search:	SOFTWARE\JavaSoft\Java Development Kit...
Check:		SOFTWARE\JavaSoft\Java Development Kit\1.7
Ignore:		1.007.000
Check:		SOFTWARE\JavaSoft\Java Development Kit\1.7.0_10
Ignore:		1.007.000_010
Check:		SOFTWARE\JavaSoft\Java Development Kit\1.7.0_79
Ignore:		1.007.000_079
64-bit search:	SOFTWARE\JavaSoft\JRE...
64-bit search:	SOFTWARE\JavaSoft\JDK...
Runtime used:	1.008.000 (64-bit)
Substitute:	EXEDIR = D:\PC\Software\Java\Batik88\Juo_Source88
Main class:	batik.apps.juo.SVGInteractor
Add classpath:	.
Launcher:	C:\Program Files\Java\jre1.8.0_144\bin\javaw.exe
Launcher args:	-Dlaunch4j.exedir="D:\PC\Software\Java\Batik88\Juo_Source88" -classpath "D:\PC\Software\Java\Batik88\Juo_Source88\TheClock.exe;." batik.apps.juo.SVGInteractor
Args length:	158/32768 chars
Exit code:	0


Version:	3.12
CmdLine:	D:\PC\Software\Java\Batik88\Juo_Source88\TheClock.exe --l4j-debug
WOW64:		yes
Working dir:	D:\PC\Software\Java\Batik88\Juo_Source88\.
Java min ver:	1.007.000
Java max ver:	1.008.000
64-bit search:	SOFTWARE\JavaSoft\Java Runtime Environment...
Check:		SOFTWARE\JavaSoft\Java Runtime Environment\1.8
Check launcher:	C:\Program Files\Java\jre1.8.0_144\bin\javaw.exe (OK)
Match:		1.008.000
Check:		SOFTWARE\JavaSoft\Java Runtime Environment\1.8.0_144
Ignore:		1.008.000_144
64-bit search:	SOFTWARE\JavaSoft\Java Development Kit...
Check:		SOFTWARE\JavaSoft\Java Development Kit\1.7
Ignore:		1.007.000
Check:		SOFTWARE\JavaSoft\Java Development Kit\1.7.0_10
Ignore:		1.007.000_010
Check:		SOFTWARE\JavaSoft\Java Development Kit\1.7.0_79
Ignore:		1.007.000_079
64-bit search:	SOFTWARE\JavaSoft\JRE...
64-bit search:	SOFTWARE\JavaSoft\JDK...
Runtime used:	1.008.000 (64-bit)
Substitute:	EXEDIR = D:\PC\Software\Java\Batik88\Juo_Source88
Main class:	batik.apps.juo.SVGInteractor
Add classpath:	.
Launcher:	C:\Program Files\Java\jre1.8.0_144\bin\javaw.exe
Launcher args:	-Dlaunch4j.exedir="D:\PC\Software\Java\Batik88\Juo_Source88" -classpath "D:\PC\Software\Java\Batik88\Juo_Source88\TheClock.exe;." batik.apps.juo.SVGInteractor
Args length:	158/32768 chars
Exit code:	0


Version:	3.12
CmdLine:	D:\PC\Software\Java\Batik88\Juo_Source88\TheClock.exe --l4j-debug
WOW64:		yes
Working dir:	D:\PC\Software\Java\Batik88\Juo_Source88\.
Java min ver:	1.007.000
Java max ver:	1.008.000
64-bit search:	SOFTWARE\JavaSoft\Java Runtime Environment...
Check:		SOFTWARE\JavaSoft\Java Runtime Environment\1.8
Check launcher:	C:\Program Files\Java\jre1.8.0_144\bin\javaw.exe (OK)
Match:		1.008.000
Check:		SOFTWARE\JavaSoft\Java Runtime Environment\1.8.0_144
Ignore:		1.008.000_144
64-bit search:	SOFTWARE\JavaSoft\Java Development Kit...
Check:		SOFTWARE\JavaSoft\Java Development Kit\1.7
Ignore:		1.007.000
Check:		SOFTWARE\JavaSoft\Java Development Kit\1.7.0_10
Ignore:		1.007.000_010
Check:		SOFTWARE\JavaSoft\Java Development Kit\1.7.0_79
Ignore:		1.007.000_079
64-bit search:	SOFTWARE\JavaSoft\JRE...
64-bit search:	SOFTWARE\JavaSoft\JDK...
Runtime used:	1.008.000 (64-bit)
Substitute:	EXEDIR = D:\PC\Software\Java\Batik88\Juo_Source88
Main class:	batik.apps.juo.SVGInteractor
Add classpath:	.
Launcher:	C:\Program Files\Java\jre1.8.0_144\bin\javaw.exe
Launcher args:	-Dlaunch4j.exedir="D:\PC\Software\Java\Batik88\Juo_Source88" -classpath "D:\PC\Software\Java\Batik88\Juo_Source88\TheClock.exe;." batik.apps.juo.SVGInteractor
Args length:	158/32768 chars
Exit code:	0


Version:	3.12
CmdLine:	D:\PC\Software\Java\Batik88\Juo_Source88\TheClock.exe --l4j-debug
WOW64:		yes
Working dir:	D:\PC\Software\Java\Batik88\Juo_Source88\.
Java min ver:	1.007.000
Java max ver:	1.008.000
64-bit search:	SOFTWARE\JavaSoft\Java Runtime Environment...
Check:		SOFTWARE\JavaSoft\Java Runtime Environment\1.8
Check launcher:	C:\Program Files\Java\jre1.8.0_144\bin\javaw.exe (OK)
Match:		1.008.000
Check:		SOFTWARE\JavaSoft\Java Runtime Environment\1.8.0_144
Ignore:		1.008.000_144
64-bit search:	SOFTWARE\JavaSoft\Java Development Kit...
Check:		SOFTWARE\JavaSoft\Java Development Kit\1.7
Ignore:		1.007.000
Check:		SOFTWARE\JavaSoft\Java Development Kit\1.7.0_10
Ignore:		1.007.000_010
Check:		SOFTWARE\JavaSoft\Java Development Kit\1.7.0_79
Ignore:		1.007.000_079
64-bit search:	SOFTWARE\JavaSoft\JRE...
64-bit search:	SOFTWARE\JavaSoft\JDK...
Runtime used:	1.008.000 (64-bit)
Substitute:	EXEDIR = D:\PC\Software\Java\Batik88\Juo_Source88
Main class:	batik.apps.juo.SVGInteractor
Add classpath:	.
Launcher:	C:\Program Files\Java\jre1.8.0_144\bin\javaw.exe
Launcher args:	-Dlaunch4j.exedir="D:\PC\Software\Java\Batik88\Juo_Source88" -classpath "D:\PC\Software\Java\Batik88\Juo_Source88\TheClock.exe;." batik.apps.juo.SVGInteractor
Args length:	158/32768 chars
Exit code:	0


Version:	3.12
CmdLine:	D:\PC\Software\Java\Batik88\Juo_Source88\TheClock.exe --l4j-debug
WOW64:		yes
Working dir:	D:\PC\Software\Java\Batik88\Juo_Source88\.
Java min ver:	1.007.000
Java max ver:	1.008.000
64-bit search:	SOFTWARE\JavaSoft\Java Runtime Environment...
Check:		SOFTWARE\JavaSoft\Java Runtime Environment\1.8
Check launcher:	C:\Program Files\Java\jre1.8.0_144\bin\javaw.exe (OK)
Match:		1.008.000
Check:		SOFTWARE\JavaSoft\Java Runtime Environment\1.8.0_144
Ignore:		1.008.000_144
64-bit search:	SOFTWARE\JavaSoft\Java Development Kit...
Check:		SOFTWARE\JavaSoft\Java Development Kit\1.7
Ignore:		1.007.000
Check:		SOFTWARE\JavaSoft\Java Development Kit\1.7.0_10
Ignore:		1.007.000_010
Check:		SOFTWARE\JavaSoft\Java Development Kit\1.7.0_79
Ignore:		1.007.000_079
64-bit search:	SOFTWARE\JavaSoft\JRE...
64-bit search:	SOFTWARE\JavaSoft\JDK...
Runtime used:	1.008.000 (64-bit)
Main class:	batik.apps.juo.SVGInteractor
Add classpath:	.
Launcher:	C:\Program Files\Java\jre1.8.0_144\bin\javaw.exe
Launcher args:	-classpath "D:\PC\Software\Java\Batik88\Juo_Source88\TheClock.exe;." batik.apps.juo.SVGInteractor
Args length:	97/32768 chars
Exit code:	0
